Qualities have been created
Starting depth = 1:
1 of 1...
Call # 1, f(x) = 100.01908539524115
Call # 2, f(x) = 100.01908539523247
Call # 3, f(x) = 100.01908556799233
Call # 4, f(x) = 100.01909577548477
Call # 5, f(x) = 100.01909577548685
Call # 6, f(x) = 100.01909619630511
Call # 7, f(x) = 100.01911157793609
Call # 8, f(x) = 100.01911157795044
Call # 9, f(x) = 100.01911212088912
Call # 10, f(x) = 100.0191416655143
Call # 11, f(x) = 100.01914166554681
Call # 12, f(x) = 100.01914209296248
Call # 13, f(x) = 100.01908657136019
Call # 14, f(x) = 100.01908657135303
Call # 15, f(x) = 100.0190867933525
Call # 16, f(x) = 100.01913689523184
Call # 17, f(x) = 100.01913689524734
Call # 18, f(x) = 100.01913641168892
Call # 19, f(x) = 100.0191448831383
Call # 20, f(x) = 100.01914488317223
Call # 21, f(x) = 100.01914526375607
Call # 22, f(x) = 100.01911551602092
Call # 23, f(x) = 100.019115516038
Call # 24, f(x) = 100.01911606832611
Call # 25, f(x) = 100.01915330714117
Call # 26, f(x) = 100.01915330717245
Call # 27, f(x) = 100.01915314667619
Call # 28, f(x) = 100.01908378572587
Call # 29, f(x) = 100.0190837857141
Call # 30, f(x) = 100.01908382486343
Call # 31, f(x) = 100.01908304339197
Call # 32, f(x) = 100.01908304338046
Call # 33, f(x) = 100.0190830386016
Call # 34, f(x) = 100.01908181841513
Call # 35, f(x) = 100.01908181840551
Call # 36, f(x) = 100.01908177320823
Call # 37, f(x) = 100.0190802176749
Call # 38, f(x) = 100.01908021767082
Call # 39, f(x) = 100.01908015097426
Call # 40, f(x) = 100.01907982814325
Call # 41, f(x) = 100.01907982814302
Call # 42, f(x) = 100.01907980737786
Call # 43, f(x) = 100.01907980086008
Call # 44, f(x) = 100.01907980086014
Call # 45, f(x) = 100.01907979822892
Call # 46, f(x) = 100.01907979844688
Call # 47, f(x) = 100.01907979844691
Call # 48, f(x) = 100.01907979838356
Call # 49, f(x) = 100.0190797982055
Call # 50, f(x) = 100.01907979820548
Call # 51, f(x) = 100.01907979825309
Call # 52, f(x) = 100.01907979828513
Call # 53, f(x) = 100.01907979828515
Call # 54, f(x) = 100.01907979828579
Call # 55, f(x) = 100.01907979820682
Call # 56, f(x) = 100.0190797982068
Call # 57, f(x) = 100.01907979825361
Call # 58, f(x) = 100.01907979820551
Call # 59, f(x) = 100.0190797982055
Call # 60, f(x) = 100.01907979825312
Call # 61, f(x) = 100.0190797982055
Call # 62, f(x) = 100.01907979820548
Call # 63, f(x) = 100.0190797982531
Call # 64, f(x) = 100.0190797982055
Call # 65, f(x) = 100.01907979820548
Call # 66, f(x) = 100.0190797982531
Call # 67, f(x) = 100.01907979820551
Call # 68, f(x) = 100.0190797982055
Call # 69, f(x) = 100.01907979825312
Call # 70, f(x) = 100.0190797982055
Call # 71, f(x) = 100.01907979820547
Call # 72, f(x) = 100.0190797982531
Call # 73, f(x) = 100.0190797982055
Call # 74, f(x) = 100.0190797982055
Call # 75, f(x) = 100.0190797982531
      fun: 100.0190797982055
 hess_inv: array([[ 1.68225593e-04, -2.26828643e-08],
       [-2.26828643e-08,  1.80262514e-08]])
      jac: array([0.        , 0.00319481])
  message: 'Desired error not necessarily achieved due to precision loss.'
     nfev: 75
      nit: 9
     njev: 25
   status: 2
  success: False
        x: array([2.74853426, 6.07602722])

real	3m45.053s
user	0m0.020s
sys	0m0.052s
